Performing C SOURCE FILE Test CMAKE_HAVE_LIBC_PTHREAD failed with the following output:
Change Dir: /home/mitch/catkin_ws/src/mask_rcnn/build/CMakeFiles/CMakeScratch/TryCompile-oSPlFX

Run Build Command(s):/usr/bin/make -f Makefile cmTC_3293a/fast && /usr/bin/make  -f CMakeFiles/cmTC_3293a.dir/build.make CMakeFiles/cmTC_3293a.dir/build
make[1]: Entering directory '/home/mitch/catkin_ws/src/mask_rcnn/build/CMakeFiles/CMakeScratch/TryCompile-oSPlFX'
Building C object CMakeFiles/cmTC_3293a.dir/src.c.o
/usr/bin/cc -DCMAKE_HAVE_LIBC_PTHREAD   -o CMakeFiles/cmTC_3293a.dir/src.c.o -c /home/mitch/catkin_ws/src/mask_rcnn/build/CMakeFiles/CMakeScratch/TryCompile-oSPlFX/src.c
Linking C executable cmTC_3293a
/home/mitch/.local/lib/python3.8/site-packages/cmake/data/bin/cmake -E cmake_link_script CMakeFiles/cmTC_3293a.dir/link.txt --verbose=1
/usr/bin/cc -rdynamic CMakeFiles/cmTC_3293a.dir/src.c.o -o cmTC_3293a 
/usr/bin/ld: CMakeFiles/cmTC_3293a.dir/src.c.o: in function `main':
src.c:(.text+0x46): undefined reference to `pthread_create'
/usr/bin/ld: src.c:(.text+0x52): undefined reference to `pthread_detach'
/usr/bin/ld: src.c:(.text+0x5e): undefined reference to `pthread_cancel'
/usr/bin/ld: src.c:(.text+0x6f): undefined reference to `pthread_join'
collect2: error: ld returned 1 exit status
make[1]: *** [CMakeFiles/cmTC_3293a.dir/build.make:99: cmTC_3293a] Error 1
make[1]: Leaving directory '/home/mitch/catkin_ws/src/mask_rcnn/build/CMakeFiles/CMakeScratch/TryCompile-oSPlFX'
make: *** [Makefile:127: cmTC_3293a/fast] Error 2


Source file was:
#include <pthread.h>

static void* test_func(void* data)
{
  return data;
}

int main(void)
{
  pthread_t thread;
  pthread_create(&thread, NULL, test_func, NULL);
  pthread_detach(thread);
  pthread_cancel(thread);
  pthread_join(thread, NULL);
  pthread_atfork(NULL, NULL, NULL);
  pthread_exit(NULL);

  return 0;
}


Determining if the function pthread_create exists in the pthreads failed with the following output:
Change Dir: /home/mitch/catkin_ws/src/mask_rcnn/build/CMakeFiles/CMakeScratch/TryCompile-Lmq6c0

Run Build Command(s):/usr/bin/make -f Makefile cmTC_e6695/fast && /usr/bin/make  -f CMakeFiles/cmTC_e6695.dir/build.make CMakeFiles/cmTC_e6695.dir/build
make[1]: Entering directory '/home/mitch/catkin_ws/src/mask_rcnn/build/CMakeFiles/CMakeScratch/TryCompile-Lmq6c0'
Building C object CMakeFiles/cmTC_e6695.dir/CheckFunctionExists.c.o
/usr/bin/cc   -DCHECK_FUNCTION_EXISTS=pthread_create -o CMakeFiles/cmTC_e6695.dir/CheckFunctionExists.c.o -c /home/mitch/catkin_ws/src/mask_rcnn/build/CMakeFiles/CMakeScratch/TryCompile-Lmq6c0/CheckFunctionExists.c
Linking C executable cmTC_e6695
/home/mitch/.local/lib/python3.8/site-packages/cmake/data/bin/cmake -E cmake_link_script CMakeFiles/cmTC_e6695.dir/link.txt --verbose=1
/usr/bin/cc  -DCHECK_FUNCTION_EXISTS=pthread_create -rdynamic CMakeFiles/cmTC_e6695.dir/CheckFunctionExists.c.o -o cmTC_e6695  -lpthreads 
/usr/bin/ld: cannot find -lpthreads
collect2: error: ld returned 1 exit status
make[1]: *** [CMakeFiles/cmTC_e6695.dir/build.make:99: cmTC_e6695] Error 1
make[1]: Leaving directory '/home/mitch/catkin_ws/src/mask_rcnn/build/CMakeFiles/CMakeScratch/TryCompile-Lmq6c0'
make: *** [Makefile:127: cmTC_e6695/fast] Error 2



